2025-05-16 11:29:14,240 - INFO - Statistics: 
2025-05-16 11:29:14,240 - INFO - 	Number of Generated Problems: 1
2025-05-16 11:29:14,240 - INFO - Costs: 
2025-05-16 11:29:14,240 - INFO - 	unconstrained: 
2025-05-16 11:29:14,240 - INFO - 		Sum: 2
2025-05-16 11:29:14,240 - INFO - 		Average: 2.0
2025-05-16 11:29:14,240 - INFO - 		Min: 2
2025-05-16 11:29:14,240 - INFO - 		Max: 2
2025-05-16 11:29:14,240 - INFO - 	constrained: 
2025-05-16 11:29:14,240 - INFO - 		Sum: 7
2025-05-16 11:29:14,240 - INFO - 		Average: 7.0
2025-05-16 11:29:14,240 - INFO - 		Min: 7
2025-05-16 11:29:14,240 - INFO - 		Max: 7
2025-05-16 11:29:14,240 - INFO - Times: 
2025-05-16 11:29:14,240 - INFO - 	unconstrained_planning: 
2025-05-16 11:29:14,240 - INFO - 		Sum: 2.384185791015625e-07
2025-05-16 11:29:14,240 - INFO - 		Average: 2.384185791015625e-07
2025-05-16 11:29:14,240 - INFO - 		Min: 2.384185791015625e-07
2025-05-16 11:29:14,240 - INFO - 		Max: 2.384185791015625e-07
2025-05-16 11:29:14,240 - INFO - 	constraints_generation: 
2025-05-16 11:29:14,240 - INFO - 		Sum: 0.43327784538269043
2025-05-16 11:29:14,240 - INFO - 		Average: 0.43327784538269043
2025-05-16 11:29:14,240 - INFO - 		Min: 0.43327784538269043
2025-05-16 11:29:14,240 - INFO - 		Max: 0.43327784538269043
2025-05-16 11:29:14,240 - INFO - 	compilation: 
2025-05-16 11:29:14,240 - INFO - 		Sum: 0.0077517032623291016
2025-05-16 11:29:14,240 - INFO - 		Average: 0.0077517032623291016
2025-05-16 11:29:14,240 - INFO - 		Min: 0.0077517032623291016
2025-05-16 11:29:14,240 - INFO - 		Max: 0.0077517032623291016
2025-05-16 11:29:14,240 - INFO - 	constrained_planning: 
2025-05-16 11:29:14,240 - INFO - 		Sum: 0.40398359298706055
2025-05-16 11:29:14,240 - INFO - 		Average: 0.40398359298706055
2025-05-16 11:29:14,240 - INFO - 		Min: 0.40398359298706055
2025-05-16 11:29:14,240 - INFO - 		Max: 0.40398359298706055
2025-05-16 11:29:14,241 - INFO - 	pddl2nl: 
2025-05-16 11:29:14,241 - INFO - 		Sum: 0.000820159912109375
2025-05-16 11:29:14,241 - INFO - 		Average: 0.000820159912109375
2025-05-16 11:29:14,241 - INFO - 		Min: 0.000820159912109375
2025-05-16 11:29:14,241 - INFO - 		Max: 0.000820159912109375
2025-05-16 11:29:14,241 - INFO - 	total: 
2025-05-16 11:29:14,241 - INFO - 		Sum: 1.2626171112060547
2025-05-16 11:29:14,241 - INFO - 		Average: 1.2626171112060547
2025-05-16 11:29:14,241 - INFO - 		Min: 1.2626171112060547
2025-05-16 11:29:14,241 - INFO - 		Max: 1.2626171112060547
2025-05-16 11:29:14,241 - INFO - Total execution time: 1.2697546482086182
