2025-05-16 10:54:57,400 - INFO - Statistics: 
2025-05-16 10:54:57,400 - INFO - 	Number of Generated Problems: 1
2025-05-16 10:54:57,400 - INFO - Costs: 
2025-05-16 10:54:57,400 - INFO - 	unconstrained: 
2025-05-16 10:54:57,400 - INFO - 		Sum: 9
2025-05-16 10:54:57,400 - INFO - 		Average: 9.0
2025-05-16 10:54:57,400 - INFO - 		Min: 9
2025-05-16 10:54:57,400 - INFO - 		Max: 9
2025-05-16 10:54:57,400 - INFO - 	constrained: 
2025-05-16 10:54:57,400 - INFO - 		Sum: 13
2025-05-16 10:54:57,400 - INFO - 		Average: 13.0
2025-05-16 10:54:57,400 - INFO - 		Min: 13
2025-05-16 10:54:57,400 - INFO - 		Max: 13
2025-05-16 10:54:57,400 - INFO - Times: 
2025-05-16 10:54:57,400 - INFO - 	unconstrained_planning: 
2025-05-16 10:54:57,400 - INFO - 		Sum: 2.384185791015625e-07
2025-05-16 10:54:57,400 - INFO - 		Average: 2.384185791015625e-07
2025-05-16 10:54:57,400 - INFO - 		Min: 2.384185791015625e-07
2025-05-16 10:54:57,400 - INFO - 		Max: 2.384185791015625e-07
2025-05-16 10:54:57,400 - INFO - 	constraints_generation: 
2025-05-16 10:54:57,400 - INFO - 		Sum: 1.054093360900879
2025-05-16 10:54:57,401 - INFO - 		Average: 1.054093360900879
2025-05-16 10:54:57,401 - INFO - 		Min: 1.054093360900879
2025-05-16 10:54:57,401 - INFO - 		Max: 1.054093360900879
2025-05-16 10:54:57,401 - INFO - 	compilation: 
2025-05-16 10:54:57,401 - INFO - 		Sum: 0.07904648780822754
2025-05-16 10:54:57,401 - INFO - 		Average: 0.07904648780822754
2025-05-16 10:54:57,401 - INFO - 		Min: 0.07904648780822754
2025-05-16 10:54:57,401 - INFO - 		Max: 0.07904648780822754
2025-05-16 10:54:57,401 - INFO - 	constrained_planning: 
2025-05-16 10:54:57,401 - INFO - 		Sum: 0.8462460041046143
2025-05-16 10:54:57,401 - INFO - 		Average: 0.8462460041046143
2025-05-16 10:54:57,401 - INFO - 		Min: 0.8462460041046143
2025-05-16 10:54:57,401 - INFO - 		Max: 0.8462460041046143
2025-05-16 10:54:57,401 - INFO - 	pddl2nl: 
2025-05-16 10:54:57,401 - INFO - 		Sum: 0.049432992935180664
2025-05-16 10:54:57,401 - INFO - 		Average: 0.049432992935180664
2025-05-16 10:54:57,401 - INFO - 		Min: 0.049432992935180664
2025-05-16 10:54:57,401 - INFO - 		Max: 0.049432992935180664
2025-05-16 10:54:57,401 - INFO - 	total: 
2025-05-16 10:54:57,401 - INFO - 		Sum: 3.2838876247406006
2025-05-16 10:54:57,401 - INFO - 		Average: 3.2838876247406006
2025-05-16 10:54:57,401 - INFO - 		Min: 3.2838876247406006
2025-05-16 10:54:57,401 - INFO - 		Max: 3.2838876247406006
2025-05-16 10:54:57,401 - INFO - Total execution time: 3.290930986404419
