2025-05-16 10:55:56,355 - INFO - Statistics: 
2025-05-16 10:55:56,355 - INFO - 	Number of Generated Problems: 1
2025-05-16 10:55:56,355 - INFO - Costs: 
2025-05-16 10:55:56,356 - INFO - 	unconstrained: 
2025-05-16 10:55:56,356 - INFO - 		Sum: 5
2025-05-16 10:55:56,356 - INFO - 		Average: 5.0
2025-05-16 10:55:56,356 - INFO - 		Min: 5
2025-05-16 10:55:56,356 - INFO - 		Max: 5
2025-05-16 10:55:56,356 - INFO - 	constrained: 
2025-05-16 10:55:56,356 - INFO - 		Sum: 12
2025-05-16 10:55:56,356 - INFO - 		Average: 12.0
2025-05-16 10:55:56,356 - INFO - 		Min: 12
2025-05-16 10:55:56,356 - INFO - 		Max: 12
2025-05-16 10:55:56,356 - INFO - Times: 
2025-05-16 10:55:56,356 - INFO - 	unconstrained_planning: 
2025-05-16 10:55:56,356 - INFO - 		Sum: 2.384185791015625e-07
2025-05-16 10:55:56,356 - INFO - 		Average: 2.384185791015625e-07
2025-05-16 10:55:56,356 - INFO - 		Min: 2.384185791015625e-07
2025-05-16 10:55:56,356 - INFO - 		Max: 2.384185791015625e-07
2025-05-16 10:55:56,356 - INFO - 	constraints_generation: 
2025-05-16 10:55:56,356 - INFO - 		Sum: 0.48810696601867676
2025-05-16 10:55:56,356 - INFO - 		Average: 0.48810696601867676
2025-05-16 10:55:56,356 - INFO - 		Min: 0.48810696601867676
2025-05-16 10:55:56,356 - INFO - 		Max: 0.48810696601867676
2025-05-16 10:55:56,356 - INFO - 	compilation: 
2025-05-16 10:55:56,356 - INFO - 		Sum: 0.019379854202270508
2025-05-16 10:55:56,356 - INFO - 		Average: 0.019379854202270508
2025-05-16 10:55:56,356 - INFO - 		Min: 0.019379854202270508
2025-05-16 10:55:56,356 - INFO - 		Max: 0.019379854202270508
2025-05-16 10:55:56,356 - INFO - 	constrained_planning: 
2025-05-16 10:55:56,356 - INFO - 		Sum: 0.49848151206970215
2025-05-16 10:55:56,356 - INFO - 		Average: 0.49848151206970215
2025-05-16 10:55:56,356 - INFO - 		Min: 0.49848151206970215
2025-05-16 10:55:56,356 - INFO - 		Max: 0.49848151206970215
2025-05-16 10:55:56,356 - INFO - 	pddl2nl: 
2025-05-16 10:55:56,356 - INFO - 		Sum: 0.00946497917175293
2025-05-16 10:55:56,356 - INFO - 		Average: 0.00946497917175293
2025-05-16 10:55:56,356 - INFO - 		Min: 0.00946497917175293
2025-05-16 10:55:56,356 - INFO - 		Max: 0.00946497917175293
2025-05-16 10:55:56,356 - INFO - 	total: 
2025-05-16 10:55:56,357 - INFO - 		Sum: 1.7183914184570312
2025-05-16 10:55:56,357 - INFO - 		Average: 1.7183914184570312
2025-05-16 10:55:56,357 - INFO - 		Min: 1.7183914184570312
2025-05-16 10:55:56,357 - INFO - 		Max: 1.7183914184570312
2025-05-16 10:55:56,357 - INFO - Total execution time: 5.972453355789185
