2025-05-16 10:55:54,636 - INFO - 
================= Seed: 103 =================

2025-05-16 10:55:55,152 - INFO - problem name = Minigrid

types = [Room, ObjectOrDoor, Object - ObjectOrDoor, Color, Door - ObjectOrDoor, Empty - Object, Box - Object, Ball - Object]

fluents = [
  bool agentInRoom[room=Room]
  bool objectInRoom[obj=Object - ObjectOrDoor, room=Room]
  bool objectColor[objectOrDoor=ObjectOrDoor, color=Color]
  bool at[objectOrDoor=ObjectOrDoor]
  bool carrying[obj=Object - ObjectOrDoor]
  bool locked[door=Door - ObjectOrDoor]
  bool adjacentRooms[room1=Room, room2=Room, door=Door - ObjectOrDoor]
  bool blocked[door=Door - ObjectOrDoor, obj=Object - ObjectOrDoor, room=Room]
  bool visited[room=Room]
  bool emptyHands
]

actions = [
  action gotoObject(Object - ObjectOrDoor obj, Room room) {
    preconditions = [
      objectInRoom(obj, room)
      agentInRoom(room)
    ]
    effects = [
      forall Object - ObjectOrDoor o if at(o) then at(o) := false
      forall Door - ObjectOrDoor d if at(d) then at(d) := false
      at(obj) := true
    ]
  }
  action gotoEmpty {
    preconditions = [
    ]
    effects = [
      forall Object - ObjectOrDoor o if at(o) then at(o) := false
      forall Door - ObjectOrDoor d if at(d) then at(d) := false
      at(empty) := true
    ]
  }
  action gotoDoor(Door - ObjectOrDoor door, Room room1, Room room2) {
    preconditions = [
      adjacentRooms(room1, room2, door)
      agentInRoom(room1)
      Forall (Object - ObjectOrDoor o) (not blocked(door, o, room1))
    ]
    effects = [
      forall Object - ObjectOrDoor o if at(o) then at(o) := false
      forall Door - ObjectOrDoor d if at(d) then at(d) := false
      at(door) := true
    ]
  }
  action gotoRoom(Room room1, Room room2, Door - ObjectOrDoor door) {
    preconditions = [
      agentInRoom(room1)
      adjacentRooms(room1, room2, door)
      (not locked(door))
    ]
    effects = [
      agentInRoom(room1) := false
      agentInRoom(room2) := true
      visited(room2) := true
      forall Object - ObjectOrDoor o if at(o) then at(o) := false
      forall Door - ObjectOrDoor d if at(d) then at(d) := false
    ]
  }
  action pick(Object - ObjectOrDoor obj, Room room) {
    preconditions = [
      agentInRoom(room)
      objectInRoom(obj, room)
      at(obj)
      emptyHands
    ]
    effects = [
      at(obj) := false
      emptyHands := false
      carrying(obj) := true
      objectInRoom(obj, room) := false
      forall Door - ObjectOrDoor d if blocked(d, obj, room) then blocked(d, obj, room) := false
    ]
  }
  action drop(Object - ObjectOrDoor obj, Room room) {
    preconditions = [
      agentInRoom(room)
      carrying(obj)
      (not emptyHands)
      at(empty)
    ]
    effects = [
      carrying(obj) := false
      at(obj) := true
      at(empty) := false
      emptyHands := true
      objectInRoom(obj, room) := true
    ]
  }
  action toggle(Door - ObjectOrDoor door) {
    preconditions = [
      at(door)
    ]
    effects = [
      if (not locked(door)) then locked(door) := true
      if locked(door) then locked(door) := false
    ]
  }
]

objects = [
  Room: [room_1, room_2, room_3, room_4]
  ObjectOrDoor: [empty, blue_box_1, grey_ball_2, yellow_ball_1, purple_ball_1, yellow_box_1, red_ball_1, grey_ball_1, grey_ball_3, red_door_1, purple_door_1, blue_door_1, grey_door_1]
  Object - ObjectOrDoor: [empty, blue_box_1, grey_ball_2, yellow_ball_1, purple_ball_1, yellow_box_1, red_ball_1, grey_ball_1, grey_ball_3]
  Color: [RedType, GreenType, BlueType, YellowType, PurpleType, GreyType]
  Door - ObjectOrDoor: [red_door_1, purple_door_1, blue_door_1, grey_door_1]
  Empty - Object: [empty]
  Box - Object: [blue_box_1, yellow_box_1]
  Ball - Object: [grey_ball_2, yellow_ball_1, purple_ball_1, red_ball_1, grey_ball_1, grey_ball_3]
]

initial fluents default = [
  bool agentInRoom[room=Room] := false
  bool objectInRoom[obj=Object - ObjectOrDoor, room=Room] := false
  bool objectColor[objectOrDoor=ObjectOrDoor, color=Color] := false
  bool at[objectOrDoor=ObjectOrDoor] := false
  bool carrying[obj=Object - ObjectOrDoor] := false
  bool locked[door=Door - ObjectOrDoor] := false
  bool adjacentRooms[room1=Room, room2=Room, door=Door - ObjectOrDoor] := false
  bool blocked[door=Door - ObjectOrDoor, obj=Object - ObjectOrDoor, room=Room] := false
  bool visited[room=Room] := false
  bool emptyHands := false
]

initial values = [
  agentInRoom(room_2) := true
  objectInRoom(yellow_box_1, room_1) := true
  objectInRoom(red_ball_1, room_1) := true
  objectInRoom(grey_ball_1, room_1) := true
  objectInRoom(grey_ball_2, room_1) := true
  objectInRoom(blue_box_1, room_3) := true
  objectInRoom(yellow_ball_1, room_3) := true
  objectInRoom(grey_ball_3, room_4) := true
  objectInRoom(purple_ball_1, room_4) := true
  objectColor(yellow_box_1, YellowType) := true
  objectColor(red_ball_1, RedType) := true
  objectColor(grey_ball_1, GreyType) := true
  objectColor(grey_ball_2, GreyType) := true
  objectColor(blue_box_1, BlueType) := true
  objectColor(yellow_ball_1, YellowType) := true
  objectColor(grey_ball_3, GreyType) := true
  objectColor(purple_ball_1, PurpleType) := true
  objectColor(red_door_1, RedType) := true
  objectColor(purple_door_1, PurpleType) := true
  objectColor(blue_door_1, BlueType) := true
  objectColor(grey_door_1, GreyType) := true
  emptyHands := true
  locked(red_door_1) := true
  locked(purple_door_1) := true
  locked(blue_door_1) := true
  locked(grey_door_1) := true
  adjacentRooms(room_2, room_1, red_door_1) := true
  adjacentRooms(room_1, room_2, red_door_1) := true
  adjacentRooms(room_3, room_1, purple_door_1) := true
  adjacentRooms(room_1, room_3, purple_door_1) := true
  adjacentRooms(room_4, room_2, blue_door_1) := true
  adjacentRooms(room_2, room_4, blue_door_1) := true
  adjacentRooms(room_4, room_3, grey_door_1) := true
  adjacentRooms(room_3, room_4, grey_door_1) := true
  visited(room_2) := true
  agentInRoom(room_1) := false
  agentInRoom(room_3) := false
  agentInRoom(room_4) := false
  objectInRoom(empty, room_1) := false
  objectInRoom(blue_box_1, room_1) := false
  objectInRoom(yellow_ball_1, room_1) := false
  objectInRoom(purple_ball_1, room_1) := false
  objectInRoom(grey_ball_3, room_1) := false
  objectInRoom(empty, room_2) := false
  objectInRoom(blue_box_1, room_2) := false
  objectInRoom(grey_ball_2, room_2) := false
  objectInRoom(yellow_ball_1, room_2) := false
  objectInRoom(purple_ball_1, room_2) := false
  objectInRoom(yellow_box_1, room_2) := false
  objectInRoom(red_ball_1, room_2) := false
  objectInRoom(grey_ball_1, room_2) := false
  objectInRoom(grey_ball_3, room_2) := false
  objectInRoom(empty, room_3) := false
  objectInRoom(grey_ball_2, room_3) := false
  objectInRoom(purple_ball_1, room_3) := false
  objectInRoom(yellow_box_1, room_3) := false
  objectInRoom(red_ball_1, room_3) := false
  objectInRoom(grey_ball_1, room_3) := false
  objectInRoom(grey_ball_3, room_3) := false
  objectInRoom(empty, room_4) := false
  objectInRoom(blue_box_1, room_4) := false
  objectInRoom(grey_ball_2, room_4) := false
  objectInRoom(yellow_ball_1, room_4) := false
  objectInRoom(yellow_box_1, room_4) := false
  objectInRoom(red_ball_1, room_4) := false
  objectInRoom(grey_ball_1, room_4) := false
  objectColor(empty, RedType) := false
  objectColor(blue_box_1, RedType) := false
  objectColor(grey_ball_2, RedType) := false
  objectColor(yellow_ball_1, RedType) := false
  objectColor(purple_ball_1, RedType) := false
  objectColor(yellow_box_1, RedType) := false
  objectColor(grey_ball_1, RedType) := false
  objectColor(grey_ball_3, RedType) := false
  objectColor(purple_door_1, RedType) := false
  objectColor(blue_door_1, RedType) := false
  objectColor(grey_door_1, RedType) := false
  objectColor(empty, GreenType) := false
  objectColor(blue_box_1, GreenType) := false
  objectColor(grey_ball_2, GreenType) := false
  objectColor(yellow_ball_1, GreenType) := false
  objectColor(purple_ball_1, GreenType) := false
  objectColor(yellow_box_1, GreenType) := false
  objectColor(red_ball_1, GreenType) := false
  objectColor(grey_ball_1, GreenType) := false
  objectColor(grey_ball_3, GreenType) := false
  objectColor(red_door_1, GreenType) := false
  objectColor(purple_door_1, GreenType) := false
  objectColor(blue_door_1, GreenType) := false
  objectColor(grey_door_1, GreenType) := false
  objectColor(empty, BlueType) := false
  objectColor(grey_ball_2, BlueType) := false
  objectColor(yellow_ball_1, BlueType) := false
  objectColor(purple_ball_1, BlueType) := false
  objectColor(yellow_box_1, BlueType) := false
  objectColor(red_ball_1, BlueType) := false
  objectColor(grey_ball_1, BlueType) := false
  objectColor(grey_ball_3, BlueType) := false
  objectColor(red_door_1, BlueType) := false
  objectColor(purple_door_1, BlueType) := false
  objectColor(grey_door_1, BlueType) := false
  objectColor(empty, YellowType) := false
  objectColor(blue_box_1, YellowType) := false
  objectColor(grey_ball_2, YellowType) := false
  objectColor(purple_ball_1, YellowType) := false
  objectColor(red_ball_1, YellowType) := false
  objectColor(grey_ball_1, YellowType) := false
  objectColor(grey_ball_3, YellowType) := false
  objectColor(red_door_1, YellowType) := false
  objectColor(purple_door_1, YellowType) := false
  objectColor(blue_door_1, YellowType) := false
  objectColor(grey_door_1, YellowType) := false
  objectColor(empty, PurpleType) := false
  objectColor(blue_box_1, PurpleType) := false
  objectColor(grey_ball_2, PurpleType) := false
  objectColor(yellow_ball_1, PurpleType) := false
  objectColor(yellow_box_1, PurpleType) := false
  objectColor(red_ball_1, PurpleType) := false
  objectColor(grey_ball_1, PurpleType) := false
  objectColor(grey_ball_3, PurpleType) := false
  objectColor(red_door_1, PurpleType) := false
  objectColor(blue_door_1, PurpleType) := false
  objectColor(grey_door_1, PurpleType) := false
  objectColor(empty, GreyType) := false
  objectColor(blue_box_1, GreyType) := false
  objectColor(yellow_ball_1, GreyType) := false
  objectColor(purple_ball_1, GreyType) := false
  objectColor(yellow_box_1, GreyType) := false
  objectColor(red_ball_1, GreyType) := false
  objectColor(red_door_1, GreyType) := false
  objectColor(purple_door_1, GreyType) := false
  objectColor(blue_door_1, GreyType) := false
  at(empty) := false
  at(blue_box_1) := false
  at(grey_ball_2) := false
  at(yellow_ball_1) := false
  at(purple_ball_1) := false
  at(yellow_box_1) := false
  at(red_ball_1) := false
  at(grey_ball_1) := false
  at(grey_ball_3) := false
  at(red_door_1) := false
  at(purple_door_1) := false
  at(blue_door_1) := false
  at(grey_door_1) := false
  carrying(empty) := false
  carrying(blue_box_1) := false
  carrying(grey_ball_2) := false
  carrying(yellow_ball_1) := false
  carrying(purple_ball_1) := false
  carrying(yellow_box_1) := false
  carrying(red_ball_1) := false
  carrying(grey_ball_1) := false
  carrying(grey_ball_3) := false
  adjacentRooms(room_1, room_1, red_door_1) := false
  adjacentRooms(room_3, room_1, red_door_1) := false
  adjacentRooms(room_4, room_1, red_door_1) := false
  adjacentRooms(room_2, room_2, red_door_1) := false
  adjacentRooms(room_3, room_2, red_door_1) := false
  adjacentRooms(room_4, room_2, red_door_1) := false
  adjacentRooms(room_1, room_3, red_door_1) := false
  adjacentRooms(room_2, room_3, red_door_1) := false
  adjacentRooms(room_3, room_3, red_door_1) := false
  adjacentRooms(room_4, room_3, red_door_1) := false
  adjacentRooms(room_1, room_4, red_door_1) := false
  adjacentRooms(room_2, room_4, red_door_1) := false
  adjacentRooms(room_3, room_4, red_door_1) := false
  adjacentRooms(room_4, room_4, red_door_1) := false
  adjacentRooms(room_1, room_1, purple_door_1) := false
  adjacentRooms(room_2, room_1, purple_door_1) := false
  adjacentRooms(room_4, room_1, purple_door_1) := false
  adjacentRooms(room_1, room_2, purple_door_1) := false
  adjacentRooms(room_2, room_2, purple_door_1) := false
  adjacentRooms(room_3, room_2, purple_door_1) := false
  adjacentRooms(room_4, room_2, purple_door_1) := false
  adjacentRooms(room_2, room_3, purple_door_1) := false
  adjacentRooms(room_3, room_3, purple_door_1) := false
  adjacentRooms(room_4, room_3, purple_door_1) := false
  adjacentRooms(room_1, room_4, purple_door_1) := false
  adjacentRooms(room_2, room_4, purple_door_1) := false
  adjacentRooms(room_3, room_4, purple_door_1) := false
  adjacentRooms(room_4, room_4, purple_door_1) := false
  adjacentRooms(room_1, room_1, blue_door_1) := false
  adjacentRooms(room_2, room_1, blue_door_1) := false
  adjacentRooms(room_3, room_1, blue_door_1) := false
  adjacentRooms(room_4, room_1, blue_door_1) := false
  adjacentRooms(room_1, room_2, blue_door_1) := false
  adjacentRooms(room_2, room_2, blue_door_1) := false
  adjacentRooms(room_3, room_2, blue_door_1) := false
  adjacentRooms(room_1, room_3, blue_door_1) := false
  adjacentRooms(room_2, room_3, blue_door_1) := false
  adjacentRooms(room_3, room_3, blue_door_1) := false
  adjacentRooms(room_4, room_3, blue_door_1) := false
  adjacentRooms(room_1, room_4, blue_door_1) := false
  adjacentRooms(room_3, room_4, blue_door_1) := false
  adjacentRooms(room_4, room_4, blue_door_1) := false
  adjacentRooms(room_1, room_1, grey_door_1) := false
  adjacentRooms(room_2, room_1, grey_door_1) := false
  adjacentRooms(room_3, room_1, grey_door_1) := false
  adjacentRooms(room_4, room_1, grey_door_1) := false
  adjacentRooms(room_1, room_2, grey_door_1) := false
  adjacentRooms(room_2, room_2, grey_door_1) := false
  adjacentRooms(room_3, room_2, grey_door_1) := false
  adjacentRooms(room_4, room_2, grey_door_1) := false
  adjacentRooms(room_1, room_3, grey_door_1) := false
  adjacentRooms(room_2, room_3, grey_door_1) := false
  adjacentRooms(room_3, room_3, grey_door_1) := false
  adjacentRooms(room_1, room_4, grey_door_1) := false
  adjacentRooms(room_2, room_4, grey_door_1) := false
  adjacentRooms(room_4, room_4, grey_door_1) := false
  blocked(red_door_1, empty, room_1) := false
  blocked(purple_door_1, empty, room_1) := false
  blocked(blue_door_1, empty, room_1) := false
  blocked(grey_door_1, empty, room_1) := false
  blocked(red_door_1, blue_box_1, room_1) := false
  blocked(purple_door_1, blue_box_1, room_1) := false
  blocked(blue_door_1, blue_box_1, room_1) := false
  blocked(grey_door_1, blue_box_1, room_1) := false
  blocked(red_door_1, grey_ball_2, room_1) := false
  blocked(purple_door_1, grey_ball_2, room_1) := false
  blocked(blue_door_1, grey_ball_2, room_1) := false
  blocked(grey_door_1, grey_ball_2, room_1) := false
  blocked(red_door_1, yellow_ball_1, room_1) := false
  blocked(purple_door_1, yellow_ball_1, room_1) := false
  blocked(blue_door_1, yellow_ball_1, room_1) := false
  blocked(grey_door_1, yellow_ball_1, room_1) := false
  blocked(red_door_1, purple_ball_1, room_1) := false
  blocked(purple_door_1, purple_ball_1, room_1) := false
  blocked(blue_door_1, purple_ball_1, room_1) := false
  blocked(grey_door_1, purple_ball_1, room_1) := false
  blocked(red_door_1, yellow_box_1, room_1) := false
  blocked(purple_door_1, yellow_box_1, room_1) := false
  blocked(blue_door_1, yellow_box_1, room_1) := false
  blocked(grey_door_1, yellow_box_1, room_1) := false
  blocked(red_door_1, red_ball_1, room_1) := false
  blocked(purple_door_1, red_ball_1, room_1) := false
  blocked(blue_door_1, red_ball_1, room_1) := false
  blocked(grey_door_1, red_ball_1, room_1) := false
  blocked(red_door_1, grey_ball_1, room_1) := false
  blocked(purple_door_1, grey_ball_1, room_1) := false
  blocked(blue_door_1, grey_ball_1, room_1) := false
  blocked(grey_door_1, grey_ball_1, room_1) := false
  blocked(red_door_1, grey_ball_3, room_1) := false
  blocked(purple_door_1, grey_ball_3, room_1) := false
  blocked(blue_door_1, grey_ball_3, room_1) := false
  blocked(grey_door_1, grey_ball_3, room_1) := false
  blocked(red_door_1, empty, room_2) := false
  blocked(purple_door_1, empty, room_2) := false
  blocked(blue_door_1, empty, room_2) := false
  blocked(grey_door_1, empty, room_2) := false
  blocked(red_door_1, blue_box_1, room_2) := false
  blocked(purple_door_1, blue_box_1, room_2) := false
  blocked(blue_door_1, blue_box_1, room_2) := false
  blocked(grey_door_1, blue_box_1, room_2) := false
  blocked(red_door_1, grey_ball_2, room_2) := false
  blocked(purple_door_1, grey_ball_2, room_2) := false
  blocked(blue_door_1, grey_ball_2, room_2) := false
  blocked(grey_door_1, grey_ball_2, room_2) := false
  blocked(red_door_1, yellow_ball_1, room_2) := false
  blocked(purple_door_1, yellow_ball_1, room_2) := false
  blocked(blue_door_1, yellow_ball_1, room_2) := false
  blocked(grey_door_1, yellow_ball_1, room_2) := false
  blocked(red_door_1, purple_ball_1, room_2) := false
  blocked(purple_door_1, purple_ball_1, room_2) := false
  blocked(blue_door_1, purple_ball_1, room_2) := false
  blocked(grey_door_1, purple_ball_1, room_2) := false
  blocked(red_door_1, yellow_box_1, room_2) := false
  blocked(purple_door_1, yellow_box_1, room_2) := false
  blocked(blue_door_1, yellow_box_1, room_2) := false
  blocked(grey_door_1, yellow_box_1, room_2) := false
  blocked(red_door_1, red_ball_1, room_2) := false
  blocked(purple_door_1, red_ball_1, room_2) := false
  blocked(blue_door_1, red_ball_1, room_2) := false
  blocked(grey_door_1, red_ball_1, room_2) := false
  blocked(red_door_1, grey_ball_1, room_2) := false
  blocked(purple_door_1, grey_ball_1, room_2) := false
  blocked(blue_door_1, grey_ball_1, room_2) := false
  blocked(grey_door_1, grey_ball_1, room_2) := false
  blocked(red_door_1, grey_ball_3, room_2) := false
  blocked(purple_door_1, grey_ball_3, room_2) := false
  blocked(blue_door_1, grey_ball_3, room_2) := false
  blocked(grey_door_1, grey_ball_3, room_2) := false
  blocked(red_door_1, empty, room_3) := false
  blocked(purple_door_1, empty, room_3) := false
  blocked(blue_door_1, empty, room_3) := false
  blocked(grey_door_1, empty, room_3) := false
  blocked(red_door_1, blue_box_1, room_3) := false
  blocked(purple_door_1, blue_box_1, room_3) := false
  blocked(blue_door_1, blue_box_1, room_3) := false
  blocked(grey_door_1, blue_box_1, room_3) := false
  blocked(red_door_1, grey_ball_2, room_3) := false
  blocked(purple_door_1, grey_ball_2, room_3) := false
  blocked(blue_door_1, grey_ball_2, room_3) := false
  blocked(grey_door_1, grey_ball_2, room_3) := false
  blocked(red_door_1, yellow_ball_1, room_3) := false
  blocked(purple_door_1, yellow_ball_1, room_3) := false
  blocked(blue_door_1, yellow_ball_1, room_3) := false
  blocked(grey_door_1, yellow_ball_1, room_3) := false
  blocked(red_door_1, purple_ball_1, room_3) := false
  blocked(purple_door_1, purple_ball_1, room_3) := false
  blocked(blue_door_1, purple_ball_1, room_3) := false
  blocked(grey_door_1, purple_ball_1, room_3) := false
  blocked(red_door_1, yellow_box_1, room_3) := false
  blocked(purple_door_1, yellow_box_1, room_3) := false
  blocked(blue_door_1, yellow_box_1, room_3) := false
  blocked(grey_door_1, yellow_box_1, room_3) := false
  blocked(red_door_1, red_ball_1, room_3) := false
  blocked(purple_door_1, red_ball_1, room_3) := false
  blocked(blue_door_1, red_ball_1, room_3) := false
  blocked(grey_door_1, red_ball_1, room_3) := false
  blocked(red_door_1, grey_ball_1, room_3) := false
  blocked(purple_door_1, grey_ball_1, room_3) := false
  blocked(blue_door_1, grey_ball_1, room_3) := false
  blocked(grey_door_1, grey_ball_1, room_3) := false
  blocked(red_door_1, grey_ball_3, room_3) := false
  blocked(purple_door_1, grey_ball_3, room_3) := false
  blocked(blue_door_1, grey_ball_3, room_3) := false
  blocked(grey_door_1, grey_ball_3, room_3) := false
  blocked(red_door_1, empty, room_4) := false
  blocked(purple_door_1, empty, room_4) := false
  blocked(blue_door_1, empty, room_4) := false
  blocked(grey_door_1, empty, room_4) := false
  blocked(red_door_1, blue_box_1, room_4) := false
  blocked(purple_door_1, blue_box_1, room_4) := false
  blocked(blue_door_1, blue_box_1, room_4) := false
  blocked(grey_door_1, blue_box_1, room_4) := false
  blocked(red_door_1, grey_ball_2, room_4) := false
  blocked(purple_door_1, grey_ball_2, room_4) := false
  blocked(blue_door_1, grey_ball_2, room_4) := false
  blocked(grey_door_1, grey_ball_2, room_4) := false
  blocked(red_door_1, yellow_ball_1, room_4) := false
  blocked(purple_door_1, yellow_ball_1, room_4) := false
  blocked(blue_door_1, yellow_ball_1, room_4) := false
  blocked(grey_door_1, yellow_ball_1, room_4) := false
  blocked(red_door_1, purple_ball_1, room_4) := false
  blocked(purple_door_1, purple_ball_1, room_4) := false
  blocked(blue_door_1, purple_ball_1, room_4) := false
  blocked(grey_door_1, purple_ball_1, room_4) := false
  blocked(red_door_1, yellow_box_1, room_4) := false
  blocked(purple_door_1, yellow_box_1, room_4) := false
  blocked(blue_door_1, yellow_box_1, room_4) := false
  blocked(grey_door_1, yellow_box_1, room_4) := false
  blocked(red_door_1, red_ball_1, room_4) := false
  blocked(purple_door_1, red_ball_1, room_4) := false
  blocked(blue_door_1, red_ball_1, room_4) := false
  blocked(grey_door_1, red_ball_1, room_4) := false
  blocked(red_door_1, grey_ball_1, room_4) := false
  blocked(purple_door_1, grey_ball_1, room_4) := false
  blocked(blue_door_1, grey_ball_1, room_4) := false
  blocked(grey_door_1, grey_ball_1, room_4) := false
  blocked(red_door_1, grey_ball_3, room_4) := false
  blocked(purple_door_1, grey_ball_3, room_4) := false
  blocked(blue_door_1, grey_ball_3, room_4) := false
  blocked(grey_door_1, grey_ball_3, room_4) := false
  visited(room_1) := false
  visited(room_3) := false
  visited(room_4) := false
]

goals = [
  Exists (Door - ObjectOrDoor d) (objectColor(d, GreyType) and adjacentRooms(room_3, room_4, d) and at(d) and (not locked(d)))
]

quality metrics = [
  minimize sequential-plan-length
]


2025-05-16 10:55:55,162 - INFO - Generating plan for unconstrained problem

2025-05-16 10:55:55,162 - INFO - Unconstrained plan generation time: 2.384185791015625e-07

2025-05-16 10:55:55,162 - INFO - Unconstrained plan and cost: 
2025-05-16 10:55:55,163 - INFO - SequentialPlan:
    gotoDoor(blue_door_1, room_2, room_4)
    toggle(blue_door_1)
    gotoRoom(room_2, room_4, blue_door_1)
    gotoDoor(grey_door_1, room_4, room_3)
    toggle(grey_door_1)
2025-05-16 10:55:55,163 - INFO - 5
2025-05-16 10:55:55,683 - INFO - Sampled constraints:

2025-05-16 10:55:55,683 - INFO - Sometime(agentInRoom(room_4))
2025-05-16 10:55:55,683 - INFO - Sometime-Before(agentInRoom(room_4), (not emptyHands))
2025-05-16 10:55:55,683 - INFO - Always(locked(blue_door_1))
2025-05-16 10:55:55,684 - INFO - 
2025-05-16 10:55:55,684 - INFO - Generation time: 0.48810696601867676

2025-05-16 10:55:55,684 - INFO - Generating plan for constrained problem (with LiftedTCORE).

2025-05-16 10:55:55,703 - INFO - LiftedTCORE compilation time: 0.019379854202270508

2025-05-16 10:55:56,202 - INFO - Planning Time with LiftedTCORE's file: 0.49848151206970215

2025-05-16 10:55:56,202 - INFO - Plan found with LiftedTCORE + sym_bd: SequentialPlan:
    gotoDoor(red_door_1, room_2, room_1)
    toggle(red_door_1)
    gotoRoom(room_2, room_1, red_door_1)
    gotoDoor(purple_door_1, room_1, room_3)
    toggle(purple_door_1)
    gotoRoom(room_1, room_3, purple_door_1)
    gotoDoor(grey_door_1, room_3, room_4)
    toggle(grey_door_1)
    gotoObject(blue_box_1, room_3)
    pick(blue_box_1, room_3)
    gotoRoom(room_3, room_4, grey_door_1)
    gotoDoor(grey_door_1, room_4, room_3)
2025-05-16 10:55:56,202 - INFO - Seed: 103 is solvable

2025-05-16 10:55:56,202 - INFO - Unconstrained cost: 5
2025-05-16 10:55:56,202 - INFO - Constrained cost: 12
2025-05-16 10:55:56,259 - INFO - Seed: 103 Plan simulation is feasible
2025-05-16 10:55:56,259 - INFO - 
Seed: 103 
 Plan: [gotoDoor(red_door_1, room_2, room_1), toggle(red_door_1), gotoRoom(room_2, room_1, red_door_1), gotoDoor(purple_door_1, room_1, room_3), toggle(purple_door_1), gotoRoom(room_1, room_3, purple_door_1), gotoDoor(grey_door_1, room_3, room_4), toggle(grey_door_1), gotoObject(blue_box_1, room_3), pick(blue_box_1, room_3), gotoRoom(room_3, room_4, grey_door_1), gotoDoor(grey_door_1, room_4, room_3)]  
 Cost: 12

2025-05-16 10:55:56,354 - INFO - Time for Translating the Constrained Problem into NL: 0.00946497917175293

