2025-05-16 10:55:42,228 - INFO - Statistics: 
2025-05-16 10:55:42,229 - INFO - 	Number of Generated Problems: 1
2025-05-16 10:55:42,229 - INFO - Costs: 
2025-05-16 10:55:42,229 - INFO - 	unconstrained: 
2025-05-16 10:55:42,229 - INFO - 		Sum: 14
2025-05-16 10:55:42,229 - INFO - 		Average: 14.0
2025-05-16 10:55:42,229 - INFO - 		Min: 14
2025-05-16 10:55:42,229 - INFO - 		Max: 14
2025-05-16 10:55:42,229 - INFO - 	constrained: 
2025-05-16 10:55:42,229 - INFO - 		Sum: 20
2025-05-16 10:55:42,229 - INFO - 		Average: 20.0
2025-05-16 10:55:42,229 - INFO - 		Min: 20
2025-05-16 10:55:42,229 - INFO - 		Max: 20
2025-05-16 10:55:42,229 - INFO - Times: 
2025-05-16 10:55:42,229 - INFO - 	unconstrained_planning: 
2025-05-16 10:55:42,229 - INFO - 		Sum: 7.152557373046875e-07
2025-05-16 10:55:42,229 - INFO - 		Average: 7.152557373046875e-07
2025-05-16 10:55:42,229 - INFO - 		Min: 7.152557373046875e-07
2025-05-16 10:55:42,229 - INFO - 		Max: 7.152557373046875e-07
2025-05-16 10:55:42,229 - INFO - 	constraints_generation: 
2025-05-16 10:55:42,229 - INFO - 		Sum: 0.4576587677001953
2025-05-16 10:55:42,229 - INFO - 		Average: 0.4576587677001953
2025-05-16 10:55:42,229 - INFO - 		Min: 0.4576587677001953
2025-05-16 10:55:42,229 - INFO - 		Max: 0.4576587677001953
2025-05-16 10:55:42,229 - INFO - 	compilation: 
2025-05-16 10:55:42,229 - INFO - 		Sum: 0.011328458786010742
2025-05-16 10:55:42,229 - INFO - 		Average: 0.011328458786010742
2025-05-16 10:55:42,229 - INFO - 		Min: 0.011328458786010742
2025-05-16 10:55:42,229 - INFO - 		Max: 0.011328458786010742
2025-05-16 10:55:42,229 - INFO - 	constrained_planning: 
2025-05-16 10:55:42,229 - INFO - 		Sum: 0.5360169410705566
2025-05-16 10:55:42,229 - INFO - 		Average: 0.5360169410705566
2025-05-16 10:55:42,229 - INFO - 		Min: 0.5360169410705566
2025-05-16 10:55:42,229 - INFO - 		Max: 0.5360169410705566
2025-05-16 10:55:42,229 - INFO - 	pddl2nl: 
2025-05-16 10:55:42,229 - INFO - 		Sum: 0.0021059513092041016
2025-05-16 10:55:42,229 - INFO - 		Average: 0.0021059513092041016
2025-05-16 10:55:42,229 - INFO - 		Min: 0.0021059513092041016
2025-05-16 10:55:42,229 - INFO - 		Max: 0.0021059513092041016
2025-05-16 10:55:42,229 - INFO - 	total: 
2025-05-16 10:55:42,229 - INFO - 		Sum: 1.4319400787353516
2025-05-16 10:55:42,229 - INFO - 		Average: 1.4319400787353516
2025-05-16 10:55:42,229 - INFO - 		Min: 1.4319400787353516
2025-05-16 10:55:42,229 - INFO - 		Max: 1.4319400787353516
2025-05-16 10:55:42,229 - INFO - Total execution time: 7.822704076766968
