2025-05-16 11:22:00,506 - INFO - Statistics: 
2025-05-16 11:22:00,506 - INFO - 	Number of Generated Problems: 3
2025-05-16 11:22:00,506 - INFO - Costs: 
2025-05-16 11:22:00,506 - INFO - 	unconstrained: 
2025-05-16 11:22:00,506 - INFO - 		Sum: 41
2025-05-16 11:22:00,506 - INFO - 		Average: 13.666666666666666
2025-05-16 11:22:00,506 - INFO - 		Min: 10
2025-05-16 11:22:00,506 - INFO - 		Max: 18
2025-05-16 11:22:00,506 - INFO - 	constrained: 
2025-05-16 11:22:00,506 - INFO - 		Sum: 79
2025-05-16 11:22:00,506 - INFO - 		Average: 26.333333333333332
2025-05-16 11:22:00,506 - INFO - 		Min: 22
2025-05-16 11:22:00,507 - INFO - 		Max: 29
2025-05-16 11:22:00,507 - INFO - Times: 
2025-05-16 11:22:00,507 - INFO - 	unconstrained_planning: 
2025-05-16 11:22:00,507 - INFO - 		Sum: 9.5367431640625e-07
2025-05-16 11:22:00,507 - INFO - 		Average: 3.178914388020833e-07
2025-05-16 11:22:00,507 - INFO - 		Min: 2.384185791015625e-07
2025-05-16 11:22:00,507 - INFO - 		Max: 4.76837158203125e-07
2025-05-16 11:22:00,507 - INFO - 	constraints_generation: 
2025-05-16 11:22:00,507 - INFO - 		Sum: 16.125149488449097
2025-05-16 11:22:00,507 - INFO - 		Average: 5.375049829483032
2025-05-16 11:22:00,507 - INFO - 		Min: 4.72383451461792
2025-05-16 11:22:00,507 - INFO - 		Max: 6.184409856796265
2025-05-16 11:22:00,507 - INFO - 	compilation: 
2025-05-16 11:22:00,507 - INFO - 		Sum: 0.045558929443359375
2025-05-16 11:22:00,507 - INFO - 		Average: 0.015186309814453125
2025-05-16 11:22:00,507 - INFO - 		Min: 0.013346433639526367
2025-05-16 11:22:00,507 - INFO - 		Max: 0.01657843589782715
2025-05-16 11:22:00,507 - INFO - 	constrained_planning: 
2025-05-16 11:22:00,507 - INFO - 		Sum: 2.058192253112793
2025-05-16 11:22:00,507 - INFO - 		Average: 0.686064084370931
2025-05-16 11:22:00,507 - INFO - 		Min: 0.5707852840423584
2025-05-16 11:22:00,507 - INFO - 		Max: 0.7684698104858398
2025-05-16 11:22:00,507 - INFO - 	pddl2nl: 
2025-05-16 11:22:00,507 - INFO - 		Sum: 0.006281137466430664
2025-05-16 11:22:00,507 - INFO - 		Average: 0.002093712488810221
2025-05-16 11:22:00,507 - INFO - 		Min: 0.001982450485229492
2025-05-16 11:22:00,507 - INFO - 		Max: 0.0021712779998779297
2025-05-16 11:22:00,507 - INFO - 	total: 
2025-05-16 11:22:00,507 - INFO - 		Sum: 19.472843408584595
2025-05-16 11:22:00,507 - INFO - 		Average: 6.490947802861531
2025-05-16 11:22:00,507 - INFO - 		Min: 5.888879060745239
2025-05-16 11:22:00,507 - INFO - 		Max: 7.167254686355591
2025-05-16 11:22:00,507 - INFO - Total execution time: 87.45699167251587
